Looking for git in: git
Using git 2.11.0 from git
> git rev-parse --show-toplevel
> git rev-parse --git-dir
Open repository: /var/www/html/symfony4-lycee-4135
> git status -z -u
> git symbolic-ref --short HEAD
> git rev-parse master
fatal: ambiguous argument 'master': unknown revision or path not in the working tree.
Use '--' to separate paths from revisions, like this:
'git <command> [<revision>...] -- [<file>...]'
> git for-each-ref --format %(refname) %(objectname) --sort -committerdate
> git remote --verbose
> git check-ignore -v -z --stdin
> git config --get commit.template
> git status -z -u
> git symbolic-ref --short HEAD
> git rev-parse master
fatal: ambiguous argument 'master': unknown revision or path not in the working tree.
Use '--' to separate paths from revisions, like this:
'git <command> [<revision>...] -- [<file>...]'
> git for-each-ref --format %(refname) %(objectname) --sort -committerdate
> git remote --verbose
> git config --get commit.template
> git status -z -u
> git symbolic-ref --short HEAD
> git rev-parse master
fatal: ambiguous argument 'master': unknown revision or path not in the working tree.
Use '--' to separate paths from revisions, like this:
'git <command> [<revision>...] -- [<file>...]'
> git for-each-ref --format %(refname) %(objectname) --sort -committerdate
> git remote --verbose
> git config --get commit.template
> git check-ignore -v -z --stdin
> git check-ignore -v -z --stdin
> git check-ignore -v -z --stdin
> git check-ignore -v -z --stdin
> git show :public/composer.json
> git check-ignore -v -z --stdin
> git check-ignore -v -z --stdin
> git check-ignore -v -z --stdin
> git check-ignore -v -z --stdin
> git check-ignore -v -z --stdin
> git check-ignore -v -z --stdin
> git check-ignore -v -z --stdin
> git check-ignore -v -z --stdin
> git check-ignore -v -z --stdin
> git show :public/Shop/lib/composer.json
> git check-ignore -v -z --stdin
> git check-ignore -v -z --stdin
> git show :public/Shop/lib/composer.lock
> git check-ignore -v -z --stdin
> git show :public/index.php
> git check-ignore -v -z --stdin
> git show :public/Shop/src/controlleur
> git check-ignore -v -z --stdin
> git show :public/index.php
> git show :public/Shop/src/controlleur/controlleurs.php
> git check-ignore -v -z --stdin
> git show :public/index.php
> git show :public/Shop/src/controlleur/controlleurs.php
> git show :public/Shop/src/controlleur/_controlleurs.php
> git check-ignore -v -z --stdin
> git show :public/index.php
> git show :public/Shop/src/controlleur/accueilContructeur.php
> git check-ignore -v -z --stdin
> git show :public/index.php
> git show :public/Shop/src/controlleur/_controlleurs.php
> git show :public/Shop/lib/composer.lock
> git show :public/Shop/lib/composer.json
> git show :public/index.php
