[2020-02-05 13:30:12.852] [exthost] [info] extension host started
[2020-02-05 13:30:13.038] [exthost] [info] ExtensionService#_doActivateExtension vscode.debug-auto-launch {"startup":true,"extensionId":{"value":"vscode.debug-auto-launch","_lower":"vscode.debug-auto-launch"},"activationEvent":"*"}
[2020-02-05 13:30:13.051] [exthost] [info] ExtensionService#loadCommonJSModule file:///var/www/html/symfony4-lycee-4135/.vscode-server/bin/26076a4de974ead31f97692a0d32f90d735645c0/extensions/debug-auto-launch/dist/extension
[2020-02-05 13:30:13.065] [exthost] [info] ExtensionService#_doActivateExtension vscode.emmet {"startup":true,"extensionId":{"value":"vscode.emmet","_lower":"vscode.emmet"},"activationEvent":"*"}
[2020-02-05 13:30:13.072] [exthost] [info] ExtensionService#loadCommonJSModule file:///var/www/html/symfony4-lycee-4135/.vscode-server/bin/26076a4de974ead31f97692a0d32f90d735645c0/extensions/emmet/dist/extension
[2020-02-05 13:30:13.193] [exthost] [info] ExtensionService#_doActivateExtension vscode.git {"startup":true,"extensionId":{"value":"vscode.git","_lower":"vscode.git"},"activationEvent":"*"}
[2020-02-05 13:30:13.194] [exthost] [info] ExtensionService#loadCommonJSModule file:///var/www/html/symfony4-lycee-4135/.vscode-server/bin/26076a4de974ead31f97692a0d32f90d735645c0/extensions/git/dist/main
[2020-02-05 13:30:13.402] [exthost] [info] ExtensionService#_doActivateExtension vscode.merge-conflict {"startup":true,"extensionId":{"value":"vscode.merge-conflict","_lower":"vscode.merge-conflict"},"activationEvent":"*"}
[2020-02-05 13:30:13.402] [exthost] [info] ExtensionService#loadCommonJSModule file:///var/www/html/symfony4-lycee-4135/.vscode-server/bin/26076a4de974ead31f97692a0d32f90d735645c0/extensions/merge-conflict/dist/extension
[2020-02-05 13:30:13.408] [exthost] [info] ExtensionService#_doActivateExtension vscode.search-result {"startup":true,"extensionId":{"value":"vscode.search-result","_lower":"vscode.search-result"},"activationEvent":"*"}
[2020-02-05 13:30:13.417] [exthost] [info] ExtensionService#loadCommonJSModule file:///var/www/html/symfony4-lycee-4135/.vscode-server/bin/26076a4de974ead31f97692a0d32f90d735645c0/extensions/search-result/dist/extension.js
[2020-02-05 13:30:13.430] [exthost] [info] eager extensions activated
[2020-02-05 13:32:18.873] [exthost] [info] ExtensionService#_doActivateExtension vscode.php-language-features {"startup":false,"extensionId":{"value":"vscode.php-language-features","_lower":"vscode.php-language-features"},"activationEvent":"onLanguage:php"}
[2020-02-05 13:32:18.875] [exthost] [info] ExtensionService#loadCommonJSModule file:///var/www/html/symfony4-lycee-4135/.vscode-server/bin/26076a4de974ead31f97692a0d32f90d735645c0/extensions/php-language-features/dist/phpMain
[2020-02-05 13:41:38.276] [exthost] [info] ExtensionService#_doActivateExtension vscode.html-language-features {"startup":false,"extensionId":{"value":"vscode.html-language-features","_lower":"vscode.html-language-features"},"activationEvent":"onLanguage:html"}
[2020-02-05 13:41:38.276] [exthost] [info] ExtensionService#loadCommonJSModule file:///var/www/html/symfony4-lycee-4135/.vscode-server/bin/26076a4de974ead31f97692a0d32f90d735645c0/extensions/html-language-features/client/dist/htmlMain
[2020-02-05 14:47:51.265] [exthost] [info] ExtensionService#_doActivateExtension vscode.configuration-editing {"startup":false,"extensionId":{"value":"vscode.configuration-editing","_lower":"vscode.configuration-editing"},"activationEvent":"onLanguage:jsonc"}
[2020-02-05 14:47:51.266] [exthost] [info] ExtensionService#loadCommonJSModule file:///var/www/html/symfony4-lycee-4135/.vscode-server/bin/26076a4de974ead31f97692a0d32f90d735645c0/extensions/configuration-editing/dist/extension
[2020-02-05 14:47:51.275] [exthost] [info] ExtensionService#_doActivateExtension vscode.json-language-features {"startup":false,"extensionId":{"value":"vscode.json-language-features","_lower":"vscode.json-language-features"},"activationEvent":"onLanguage:jsonc"}
[2020-02-05 14:47:51.275] [exthost] [info] ExtensionService#loadCommonJSModule file:///var/www/html/symfony4-lycee-4135/.vscode-server/bin/26076a4de974ead31f97692a0d32f90d735645c0/extensions/json-language-features/client/dist/jsonMain
[2020-02-05 14:47:51.336] [exthost] [info] ExtensionService#_doActivateExtension vscode.typescript-language-features {"startup":false,"extensionId":{"value":"vscode.typescript-language-features","_lower":"vscode.typescript-language-features"},"activationEvent":"onLanguage:jsonc"}
[2020-02-05 14:47:51.336] [exthost] [info] ExtensionService#loadCommonJSModule file:///var/www/html/symfony4-lycee-4135/.vscode-server/bin/26076a4de974ead31f97692a0d32f90d735645c0/extensions/typescript-language-features/dist/extension
