[2020-03-04 13:36:14.340] [exthost] [info] extension host started
[2020-03-04 13:36:14.530] [exthost] [info] ExtensionService#_doActivateExtension mblode.twig-language-2 {"startup":false,"extensionId":{"value":"mblode.twig-language-2","_lower":"mblode.twig-language-2"},"activationEvent":"onLanguage:twig"}
[2020-03-04 13:36:14.531] [exthost] [info] ExtensionService#loadCommonJSModule file:///var/www/html/symfony4-lycee-4135/.vscode-server/extensions/mblode.twig-language-2-0.9.0/extension/index
[2020-03-04 13:36:14.624] [exthost] [info] ExtensionService#_doActivateExtension vscode.debug-auto-launch {"startup":true,"extensionId":{"value":"vscode.debug-auto-launch","_lower":"vscode.debug-auto-launch"},"activationEvent":"*"}
[2020-03-04 13:36:14.627] [exthost] [info] ExtensionService#loadCommonJSModule file:///var/www/html/symfony4-lycee-4135/.vscode-server/bin/26076a4de974ead31f97692a0d32f90d735645c0/extensions/debug-auto-launch/dist/extension
[2020-03-04 13:36:14.633] [exthost] [info] ExtensionService#_doActivateExtension vscode.emmet {"startup":true,"extensionId":{"value":"vscode.emmet","_lower":"vscode.emmet"},"activationEvent":"*"}
[2020-03-04 13:36:14.645] [exthost] [info] ExtensionService#loadCommonJSModule file:///var/www/html/symfony4-lycee-4135/.vscode-server/bin/26076a4de974ead31f97692a0d32f90d735645c0/extensions/emmet/dist/extension
[2020-03-04 13:36:14.745] [exthost] [info] ExtensionService#_doActivateExtension vscode.git {"startup":true,"extensionId":{"value":"vscode.git","_lower":"vscode.git"},"activationEvent":"*"}
[2020-03-04 13:36:14.746] [exthost] [info] ExtensionService#loadCommonJSModule file:///var/www/html/symfony4-lycee-4135/.vscode-server/bin/26076a4de974ead31f97692a0d32f90d735645c0/extensions/git/dist/main
[2020-03-04 13:36:14.948] [exthost] [info] ExtensionService#_doActivateExtension vscode.merge-conflict {"startup":true,"extensionId":{"value":"vscode.merge-conflict","_lower":"vscode.merge-conflict"},"activationEvent":"*"}
[2020-03-04 13:36:14.952] [exthost] [info] ExtensionService#loadCommonJSModule file:///var/www/html/symfony4-lycee-4135/.vscode-server/bin/26076a4de974ead31f97692a0d32f90d735645c0/extensions/merge-conflict/dist/extension
[2020-03-04 13:36:14.970] [exthost] [info] ExtensionService#_doActivateExtension vscode.search-result {"startup":true,"extensionId":{"value":"vscode.search-result","_lower":"vscode.search-result"},"activationEvent":"*"}
[2020-03-04 13:36:14.971] [exthost] [info] ExtensionService#loadCommonJSModule file:///var/www/html/symfony4-lycee-4135/.vscode-server/bin/26076a4de974ead31f97692a0d32f90d735645c0/extensions/search-result/dist/extension.js
[2020-03-04 13:36:14.984] [exthost] [info] eager extensions activated
[2020-03-04 13:36:14.997] [exthost] [info] Extension 'mblode.twig-language-2' uses a document selector without scheme. Learn more about this: https://go.microsoft.com/fwlink/?linkid=872305
[2020-03-04 13:42:03.883] [exthost] [info] ExtensionService#_doActivateExtension vscode.php-language-features {"startup":false,"extensionId":{"value":"vscode.php-language-features","_lower":"vscode.php-language-features"},"activationEvent":"onLanguage:php"}
[2020-03-04 13:42:03.883] [exthost] [info] ExtensionService#loadCommonJSModule file:///var/www/html/symfony4-lycee-4135/.vscode-server/bin/26076a4de974ead31f97692a0d32f90d735645c0/extensions/php-language-features/dist/phpMain
[2020-03-04 14:10:07.403] [exthost] [error] {"message":"Git error","stdout":"","stderr":"fatal: pathspec '/var/www/html/symfony4-lycee-4135/public/phpmyadmin/doc' is beyond a symbolic link\n","exitCode":128}
[2020-03-04 14:10:07.403] [exthost] [error] {"message":"Git error","stdout":"","stderr":"fatal: pathspec '/var/www/html/symfony4-lycee-4135/public/phpmyadmin/doc' is beyond a symbolic link\n","exitCode":128}
[2020-03-04 14:10:07.403] [exthost] [error] {"message":"Git error","stdout":"","stderr":"fatal: pathspec '/var/www/html/symfony4-lycee-4135/public/phpmyadmin/doc' is beyond a symbolic link\n","exitCode":128}
[2020-03-04 14:10:07.403] [exthost] [error] {"message":"Git error","stdout":"","stderr":"fatal: pathspec '/var/www/html/symfony4-lycee-4135/public/phpmyadmin/doc' is beyond a symbolic link\n","exitCode":128}
[2020-03-04 14:10:07.403] [exthost] [error] {"message":"Git error","stdout":"","stderr":"fatal: pathspec '/var/www/html/symfony4-lycee-4135/public/phpmyadmin/doc' is beyond a symbolic link\n","exitCode":128}
[2020-03-04 14:10:07.403] [exthost] [error] {"message":"Git error","stdout":"","stderr":"fatal: pathspec '/var/www/html/symfony4-lycee-4135/public/phpmyadmin/doc' is beyond a symbolic link\n","exitCode":128}
[2020-03-04 14:10:07.403] [exthost] [error] {"message":"Git error","stdout":"","stderr":"fatal: pathspec '/var/www/html/symfony4-lycee-4135/public/phpmyadmin/doc' is beyond a symbolic link\n","exitCode":128}
[2020-03-04 14:10:07.403] [exthost] [error] {"message":"Git error","stdout":"","stderr":"fatal: pathspec '/var/www/html/symfony4-lycee-4135/public/phpmyadmin/doc' is beyond a symbolic link\n","exitCode":128}
[2020-03-04 14:10:07.403] [exthost] [error] {"message":"Git error","stdout":"","stderr":"fatal: pathspec '/var/www/html/symfony4-lycee-4135/public/phpmyadmin/doc' is beyond a symbolic link\n","exitCode":128}
[2020-03-04 14:10:07.403] [exthost] [error] {"message":"Git error","stdout":"","stderr":"fatal: pathspec '/var/www/html/symfony4-lycee-4135/public/phpmyadmin/doc' is beyond a symbolic link\n","exitCode":128}
[2020-03-04 14:10:07.403] [exthost] [error] {"message":"Git error","stdout":"","stderr":"fatal: pathspec '/var/www/html/symfony4-lycee-4135/public/phpmyadmin/doc' is beyond a symbolic link\n","exitCode":128}
[2020-03-04 14:10:07.403] [exthost] [error] {"message":"Git error","stdout":"","stderr":"fatal: pathspec '/var/www/html/symfony4-lycee-4135/public/phpmyadmin/doc' is beyond a symbolic link\n","exitCode":128}
[2020-03-04 14:10:07.403] [exthost] [error] {"message":"Git error","stdout":"","stderr":"fatal: pathspec '/var/www/html/symfony4-lycee-4135/public/phpmyadmin/doc' is beyond a symbolic link\n","exitCode":128}
[2020-03-04 14:10:07.403] [exthost] [error] {"message":"Git error","stdout":"","stderr":"fatal: pathspec '/var/www/html/symfony4-lycee-4135/public/phpmyadmin/doc' is beyond a symbolic link\n","exitCode":128}
[2020-03-04 14:10:07.403] [exthost] [error] {"message":"Git error","stdout":"","stderr":"fatal: pathspec '/var/www/html/symfony4-lycee-4135/public/phpmyadmin/doc' is beyond a symbolic link\n","exitCode":128}
[2020-03-04 14:10:07.403] [exthost] [error] {"message":"Git error","stdout":"","stderr":"fatal: pathspec '/var/www/html/symfony4-lycee-4135/public/phpmyadmin/doc' is beyond a symbolic link\n","exitCode":128}
[2020-03-04 14:10:07.403] [exthost] [error] {"message":"Git error","stdout":"","stderr":"fatal: pathspec '/var/www/html/symfony4-lycee-4135/public/phpmyadmin/doc' is beyond a symbolic link\n","exitCode":128}
[2020-03-04 14:10:07.403] [exthost] [error] {"message":"Git error","stdout":"","stderr":"fatal: pathspec '/var/www/html/symfony4-lycee-4135/public/phpmyadmin/doc' is beyond a symbolic link\n","exitCode":128}
[2020-03-04 14:10:07.403] [exthost] [error] {"message":"Git error","stdout":"","stderr":"fatal: pathspec '/var/www/html/symfony4-lycee-4135/public/phpmyadmin/doc' is beyond a symbolic link\n","exitCode":128}
[2020-03-04 14:10:07.403] [exthost] [error] {"message":"Git error","stdout":"","stderr":"fatal: pathspec '/var/www/html/symfony4-lycee-4135/public/phpmyadmin/doc' is beyond a symbolic link\n","exitCode":128}
[2020-03-04 14:10:07.403] [exthost] [error] {"message":"Git error","stdout":"","stderr":"fatal: pathspec '/var/www/html/symfony4-lycee-4135/public/phpmyadmin/doc' is beyond a symbolic link\n","exitCode":128}
[2020-03-04 14:10:07.403] [exthost] [error] {"message":"Git error","stdout":"","stderr":"fatal: pathspec '/var/www/html/symfony4-lycee-4135/public/phpmyadmin/doc' is beyond a symbolic link\n","exitCode":128}
[2020-03-04 14:10:07.403] [exthost] [error] {"message":"Git error","stdout":"","stderr":"fatal: pathspec '/var/www/html/symfony4-lycee-4135/public/phpmyadmin/doc' is beyond a symbolic link\n","exitCode":128}
[2020-03-04 14:10:07.403] [exthost] [error] {"message":"Git error","stdout":"","stderr":"fatal: pathspec '/var/www/html/symfony4-lycee-4135/public/phpmyadmin/doc' is beyond a symbolic link\n","exitCode":128}
[2020-03-04 14:10:07.403] [exthost] [error] {"message":"Git error","stdout":"","stderr":"fatal: pathspec '/var/www/html/symfony4-lycee-4135/public/phpmyadmin/doc' is beyond a symbolic link\n","exitCode":128}
[2020-03-04 14:10:07.403] [exthost] [error] {"message":"Git error","stdout":"","stderr":"fatal: pathspec '/var/www/html/symfony4-lycee-4135/public/phpmyadmin/doc' is beyond a symbolic link\n","exitCode":128}
[2020-03-04 14:10:07.403] [exthost] [error] {"message":"Git error","stdout":"","stderr":"fatal: pathspec '/var/www/html/symfony4-lycee-4135/public/phpmyadmin/doc' is beyond a symbolic link\n","exitCode":128}
[2020-03-04 14:10:07.403] [exthost] [error] {"message":"Git error","stdout":"","stderr":"fatal: pathspec '/var/www/html/symfony4-lycee-4135/public/phpmyadmin/doc' is beyond a symbolic link\n","exitCode":128}
[2020-03-04 14:10:07.403] [exthost] [error] {"message":"Git error","stdout":"","stderr":"fatal: pathspec '/var/www/html/symfony4-lycee-4135/public/phpmyadmin/doc' is beyond a symbolic link\n","exitCode":128}
[2020-03-04 14:10:07.403] [exthost] [error] {"message":"Git error","stdout":"","stderr":"fatal: pathspec '/var/www/html/symfony4-lycee-4135/public/phpmyadmin/doc' is beyond a symbolic link\n","exitCode":128}
[2020-03-04 14:10:07.403] [exthost] [error] {"message":"Git error","stdout":"","stderr":"fatal: pathspec '/var/www/html/symfony4-lycee-4135/public/phpmyadmin/doc' is beyond a symbolic link\n","exitCode":128}
[2020-03-04 14:10:07.403] [exthost] [error] {"message":"Git error","stdout":"","stderr":"fatal: pathspec '/var/www/html/symfony4-lycee-4135/public/phpmyadmin/doc' is beyond a symbolic link\n","exitCode":128}
[2020-03-04 14:10:07.403] [exthost] [error] {"message":"Git error","stdout":"","stderr":"fatal: pathspec '/var/www/html/symfony4-lycee-4135/public/phpmyadmin/doc' is beyond a symbolic link\n","exitCode":128}
[2020-03-04 14:10:07.403] [exthost] [error] {"message":"Git error","stdout":"","stderr":"fatal: pathspec '/var/www/html/symfony4-lycee-4135/public/phpmyadmin/doc' is beyond a symbolic link\n","exitCode":128}
[2020-03-04 14:10:07.403] [exthost] [error] {"message":"Git error","stdout":"","stderr":"fatal: pathspec '/var/www/html/symfony4-lycee-4135/public/phpmyadmin/doc' is beyond a symbolic link\n","exitCode":128}
[2020-03-04 14:10:07.403] [exthost] [error] {"message":"Git error","stdout":"","stderr":"fatal: pathspec '/var/www/html/symfony4-lycee-4135/public/phpmyadmin/doc' is beyond a symbolic link\n","exitCode":128}
[2020-03-04 14:10:07.403] [exthost] [error] {"message":"Git error","stdout":"","stderr":"fatal: pathspec '/var/www/html/symfony4-lycee-4135/public/phpmyadmin/doc' is beyond a symbolic link\n","exitCode":128}
