Looking for git in: git
Using git 2.11.0 from git
> git rev-parse --show-toplevel
> git rev-parse --git-dir
Open repository: /var/www/html/symfony4-lycee-4135
> git status -z -u
> git check-ignore -v -z --stdin
> git check-ignore -v -z --stdin
> git check-ignore -v -z --stdin
> git check-ignore -v -z --stdin
> git check-ignore -v -z --stdin
> git check-ignore -v -z --stdin
> git show :public/Shop/src/controlleur/accueilControleur.php
> git check-ignore -v -z --stdin
> git check-ignore -v -z --stdin
> git show :public/Shop/src/modele/class_utilisateur.php
> git show :public/Shop/src/controlleur/accueilControleur.php
> git show :public/Shop/src/modele/class_utilisateur.php
> git show :public/Shop/src/controlleur/accueilControleur.php
> git show :public/Shop/src/controlleur/_controlleurs.php
> git show :public/Shop/src/controlleur/accueilControleur.php
> git show :public/Shop/src/vue/inscription.html.twig
> git check-ignore -v -z --stdin
> git show :public/Shop/config/connexion.php
> git show :public/Shop/src/controlleur/_controlleurs.php
> git show :public/Shop/src/modele/_classes.php
> git show :public/Shop/src/modele/class_utilisateur.php
