[2020-01-29 15:39:12.031] [exthost] [info] extension host started
[2020-01-29 15:39:12.201] [exthost] [info] ExtensionService#_doActivateExtension vscode.debug-auto-launch {"startup":true,"extensionId":{"value":"vscode.debug-auto-launch","_lower":"vscode.debug-auto-launch"},"activationEvent":"*"}
[2020-01-29 15:39:12.204] [exthost] [info] ExtensionService#loadCommonJSModule file:///var/www/html/symfony4-lycee-4135/.vscode-server/bin/26076a4de974ead31f97692a0d32f90d735645c0/extensions/debug-auto-launch/dist/extension
[2020-01-29 15:39:12.219] [exthost] [info] ExtensionService#_doActivateExtension vscode.emmet {"startup":true,"extensionId":{"value":"vscode.emmet","_lower":"vscode.emmet"},"activationEvent":"*"}
[2020-01-29 15:39:12.226] [exthost] [info] ExtensionService#loadCommonJSModule file:///var/www/html/symfony4-lycee-4135/.vscode-server/bin/26076a4de974ead31f97692a0d32f90d735645c0/extensions/emmet/dist/extension
[2020-01-29 15:39:12.346] [exthost] [info] ExtensionService#_doActivateExtension vscode.git {"startup":true,"extensionId":{"value":"vscode.git","_lower":"vscode.git"},"activationEvent":"*"}
[2020-01-29 15:39:12.349] [exthost] [info] ExtensionService#loadCommonJSModule file:///var/www/html/symfony4-lycee-4135/.vscode-server/bin/26076a4de974ead31f97692a0d32f90d735645c0/extensions/git/dist/main
[2020-01-29 15:39:12.558] [exthost] [info] ExtensionService#_doActivateExtension vscode.merge-conflict {"startup":true,"extensionId":{"value":"vscode.merge-conflict","_lower":"vscode.merge-conflict"},"activationEvent":"*"}
[2020-01-29 15:39:12.559] [exthost] [info] ExtensionService#loadCommonJSModule file:///var/www/html/symfony4-lycee-4135/.vscode-server/bin/26076a4de974ead31f97692a0d32f90d735645c0/extensions/merge-conflict/dist/extension
[2020-01-29 15:39:12.571] [exthost] [info] ExtensionService#_doActivateExtension vscode.search-result {"startup":true,"extensionId":{"value":"vscode.search-result","_lower":"vscode.search-result"},"activationEvent":"*"}
[2020-01-29 15:39:12.572] [exthost] [info] ExtensionService#loadCommonJSModule file:///var/www/html/symfony4-lycee-4135/.vscode-server/bin/26076a4de974ead31f97692a0d32f90d735645c0/extensions/search-result/dist/extension.js
[2020-01-29 15:39:12.582] [exthost] [info] eager extensions activated
[2020-01-29 15:51:44.387] [exthost] [info] ExtensionService#_doActivateExtension vscode.configuration-editing {"startup":false,"extensionId":{"value":"vscode.configuration-editing","_lower":"vscode.configuration-editing"},"activationEvent":"onLanguage:json"}
[2020-01-29 15:51:44.389] [exthost] [info] ExtensionService#loadCommonJSModule file:///var/www/html/symfony4-lycee-4135/.vscode-server/bin/26076a4de974ead31f97692a0d32f90d735645c0/extensions/configuration-editing/dist/extension
[2020-01-29 15:51:44.407] [exthost] [info] ExtensionService#_doActivateExtension vscode.extension-editing {"startup":false,"extensionId":{"value":"vscode.extension-editing","_lower":"vscode.extension-editing"},"activationEvent":"onLanguage:json"}
[2020-01-29 15:51:44.407] [exthost] [info] ExtensionService#loadCommonJSModule file:///var/www/html/symfony4-lycee-4135/.vscode-server/bin/26076a4de974ead31f97692a0d32f90d735645c0/extensions/extension-editing/dist/extension
[2020-01-29 15:51:44.427] [exthost] [info] ExtensionService#_doActivateExtension vscode.json-language-features {"startup":false,"extensionId":{"value":"vscode.json-language-features","_lower":"vscode.json-language-features"},"activationEvent":"onLanguage:json"}
[2020-01-29 15:51:44.428] [exthost] [info] ExtensionService#loadCommonJSModule file:///var/www/html/symfony4-lycee-4135/.vscode-server/bin/26076a4de974ead31f97692a0d32f90d735645c0/extensions/json-language-features/client/dist/jsonMain
[2020-01-29 15:51:44.494] [exthost] [info] ExtensionService#_doActivateExtension vscode.npm {"startup":false,"extensionId":{"value":"vscode.npm","_lower":"vscode.npm"},"activationEvent":"onLanguage:json"}
[2020-01-29 15:51:44.494] [exthost] [info] ExtensionService#loadCommonJSModule file:///var/www/html/symfony4-lycee-4135/.vscode-server/bin/26076a4de974ead31f97692a0d32f90d735645c0/extensions/npm/dist/main
[2020-01-29 16:17:07.010] [exthost] [info] ExtensionService#_doActivateExtension vscode.php-language-features {"startup":false,"extensionId":{"value":"vscode.php-language-features","_lower":"vscode.php-language-features"},"activationEvent":"onLanguage:php"}
[2020-01-29 16:17:07.010] [exthost] [info] ExtensionService#loadCommonJSModule file:///var/www/html/symfony4-lycee-4135/.vscode-server/bin/26076a4de974ead31f97692a0d32f90d735645c0/extensions/php-language-features/dist/phpMain
