[2020-02-12 15:39:57.394] [exthost] [info] extension host started
[2020-02-12 15:39:57.562] [exthost] [info] ExtensionService#_doActivateExtension vscode.debug-auto-launch {"startup":true,"extensionId":{"value":"vscode.debug-auto-launch","_lower":"vscode.debug-auto-launch"},"activationEvent":"*"}
[2020-02-12 15:39:57.586] [exthost] [info] ExtensionService#loadCommonJSModule file:///var/www/html/symfony4-lycee-4135/.vscode-server/bin/26076a4de974ead31f97692a0d32f90d735645c0/extensions/debug-auto-launch/dist/extension
[2020-02-12 15:39:57.595] [exthost] [info] ExtensionService#_doActivateExtension vscode.emmet {"startup":true,"extensionId":{"value":"vscode.emmet","_lower":"vscode.emmet"},"activationEvent":"*"}
[2020-02-12 15:39:57.600] [exthost] [info] ExtensionService#loadCommonJSModule file:///var/www/html/symfony4-lycee-4135/.vscode-server/bin/26076a4de974ead31f97692a0d32f90d735645c0/extensions/emmet/dist/extension
[2020-02-12 15:39:57.714] [exthost] [info] ExtensionService#_doActivateExtension vscode.git {"startup":true,"extensionId":{"value":"vscode.git","_lower":"vscode.git"},"activationEvent":"*"}
[2020-02-12 15:39:57.728] [exthost] [info] ExtensionService#loadCommonJSModule file:///var/www/html/symfony4-lycee-4135/.vscode-server/bin/26076a4de974ead31f97692a0d32f90d735645c0/extensions/git/dist/main
[2020-02-12 15:39:57.922] [exthost] [info] ExtensionService#_doActivateExtension vscode.merge-conflict {"startup":true,"extensionId":{"value":"vscode.merge-conflict","_lower":"vscode.merge-conflict"},"activationEvent":"*"}
[2020-02-12 15:39:57.923] [exthost] [info] ExtensionService#loadCommonJSModule file:///var/www/html/symfony4-lycee-4135/.vscode-server/bin/26076a4de974ead31f97692a0d32f90d735645c0/extensions/merge-conflict/dist/extension
[2020-02-12 15:39:57.930] [exthost] [info] ExtensionService#_doActivateExtension vscode.search-result {"startup":true,"extensionId":{"value":"vscode.search-result","_lower":"vscode.search-result"},"activationEvent":"*"}
[2020-02-12 15:39:57.937] [exthost] [info] ExtensionService#loadCommonJSModule file:///var/www/html/symfony4-lycee-4135/.vscode-server/bin/26076a4de974ead31f97692a0d32f90d735645c0/extensions/search-result/dist/extension.js
[2020-02-12 15:39:57.953] [exthost] [info] eager extensions activated
[2020-02-12 15:42:22.683] [exthost] [info] ExtensionService#_doActivateExtension vscode.css-language-features {"startup":false,"extensionId":{"value":"vscode.css-language-features","_lower":"vscode.css-language-features"},"activationEvent":"onLanguage:css"}
[2020-02-12 15:42:22.685] [exthost] [info] ExtensionService#loadCommonJSModule file:///var/www/html/symfony4-lycee-4135/.vscode-server/bin/26076a4de974ead31f97692a0d32f90d735645c0/extensions/css-language-features/client/dist/cssMain
[2020-02-12 15:42:23.627] [exthost] [info] ExtensionService#_doActivateExtension vscode.html-language-features {"startup":false,"extensionId":{"value":"vscode.html-language-features","_lower":"vscode.html-language-features"},"activationEvent":"onLanguage:html"}
[2020-02-12 15:42:23.627] [exthost] [info] ExtensionService#loadCommonJSModule file:///var/www/html/symfony4-lycee-4135/.vscode-server/bin/26076a4de974ead31f97692a0d32f90d735645c0/extensions/html-language-features/client/dist/htmlMain
[2020-02-12 15:50:50.757] [exthost] [info] ExtensionService#_doActivateExtension vscode.php-language-features {"startup":false,"extensionId":{"value":"vscode.php-language-features","_lower":"vscode.php-language-features"},"activationEvent":"onLanguage:php"}
[2020-02-12 15:50:50.757] [exthost] [info] ExtensionService#loadCommonJSModule file:///var/www/html/symfony4-lycee-4135/.vscode-server/bin/26076a4de974ead31f97692a0d32f90d735645c0/extensions/php-language-features/dist/phpMain
[2020-02-12 16:04:40.932] [exthost] [info] ExtensionService#_doActivateExtension vscode.configuration-editing {"startup":false,"extensionId":{"value":"vscode.configuration-editing","_lower":"vscode.configuration-editing"},"activationEvent":"onLanguage:jsonc"}
[2020-02-12 16:04:40.932] [exthost] [info] ExtensionService#loadCommonJSModule file:///var/www/html/symfony4-lycee-4135/.vscode-server/bin/26076a4de974ead31f97692a0d32f90d735645c0/extensions/configuration-editing/dist/extension
[2020-02-12 16:04:40.960] [exthost] [info] ExtensionService#_doActivateExtension vscode.json-language-features {"startup":false,"extensionId":{"value":"vscode.json-language-features","_lower":"vscode.json-language-features"},"activationEvent":"onLanguage:jsonc"}
[2020-02-12 16:04:40.960] [exthost] [info] ExtensionService#loadCommonJSModule file:///var/www/html/symfony4-lycee-4135/.vscode-server/bin/26076a4de974ead31f97692a0d32f90d735645c0/extensions/json-language-features/client/dist/jsonMain
[2020-02-12 16:04:41.019] [exthost] [info] ExtensionService#_doActivateExtension vscode.typescript-language-features {"startup":false,"extensionId":{"value":"vscode.typescript-language-features","_lower":"vscode.typescript-language-features"},"activationEvent":"onLanguage:jsonc"}
[2020-02-12 16:04:41.019] [exthost] [info] ExtensionService#loadCommonJSModule file:///var/www/html/symfony4-lycee-4135/.vscode-server/bin/26076a4de974ead31f97692a0d32f90d735645c0/extensions/typescript-language-features/dist/extension
